<?xml version="1.0" encoding="UTF-8"?>
<!-- Generated by org.testng.reporters.JUnitReportReporter -->
<testsuite skipped="0" hostname="HP" name="unitTest.Test1" tests="1" failures="0" timestamp="21 Aug 2018 13:16:32 GMT" time="0.000" errors="0">
  <testcase name="testAnnualSalary" time="0.000" classname="unitTest.Test1"/>
</testsuite> <!-- unitTest.Test1 -->
